<?xml version="1.0" encoding="UTF-8"?>
<!-- Generated by org.testng.reporters.JUnitXMLReporter -->
<testsuite hostname="LAPTOP-ADCEUPHM" ignored="1" name="Default test" tests="3" failures="0" timestamp="2021-10-08T16:36:09 IST" time="4.245" errors="0">
  <testcase name="getWeather" time="3.224" classname="day1.WeatherAPI"/>
  <testcase name="getWeather2" time="0.489" classname="day1.WeatherAPI"/>
  <testcase name="getWeather4" time="0.46" classname="day1.WeatherAPI"/>
  <testcase name="getWeather3" time="0.0" classname="day1.WeatherAPI">
    <ignored/>
  </testcase> <!-- getWeather3 -->
</testsuite> <!-- Default test -->
